1 0412642400343c28 ||
 xxxxxxxx
 xxxxxxxx
 xxxxxxxx
 xxxxxxxx
 xxxxxxxx
 xxxxxxxx
 xxxxxxxx
 xxxxxxxx

0 0412642400343c28 ||
 xxxxxxxx
 xxxxxxxx
 xxxxxxxx
 xxxxxxxx
 xxxxxxxx
 xxxxxxxx
 xxxxxxxx
 xxxxxxxx

0 0412642400343c28 ||
 xxxxxxxx
 xxxxxxxx
 xxxxxxxx
 xxxxxxxx
 xxxxxxxx
 xxxxxxxx
 xxxxxxxx
 xxxxxxxx

0 0412642400343c28 ||
 00101000
 00111100
 00110100
 00000000
 00100100
 01100100
 00010010
 00000100

0 0412642400343c28 ||
 00101000
 00111100
 00110100
 00000000
 00100100
 01100100
 00010010
 00000100

0 0412642400343c28 ||
 00101000
 00111100
 00110100
 00000000
 00100100
 01100100
 00010010
 00000100

0 0412642400343c28 ||
 00101000
 00111100
 00110100
 00000000
 00100100
 01100100
 00010010
 00000100

0 0412642400343c28 ||
 00101000
 00111100
 00110100
 00000000
 00100100
 01100100
 00010010
 00000100

0 0412642400343c28 ||
 00101000
 00111100
 00110100
 00000000
 00100100
 01100100
 00010010
 00000100

0 0412642400343c28 ||
 00101000
 00111100
 00110100
 00000000
 00100100
 01100100
 00010010
 00000100

0 0412642400343c28 ||
 00101000
 00111100
 00110100
 00000000
 00100100
 01100100
 00010010
 00000100

0 0412642400343c28 ||
 00101000
 00111100
 00110100
 00000000
 00100100
 01100100
 00010010
 00000100

0 0412642400343c28 ||
 00101000
 00111100
 00110100
 00000000
 00100100
 01100100
 00010010
 00000100

0 0412642400343c28 ||
 00101000
 00111100
 00110100
 00000000
 00100100
 01100100
 00010010
 00000100

0 0412642400343c28 ||
 00101000
 00111100
 00110100
 00000000
 00100100
 01100100
 00010010
 00000100

0 0412642400343c28 ||
 00101000
 00111100
 00110100
 00000000
 00100100
 01100100
 00010010
 00000100

0 0412642400343c28 ||
 00101000
 00111100
 00110100
 00000000
 00100100
 01100100
 00010010
 00000100

0 0412642400343c28 ||
 00101000
 00111100
 00110100
 00000000
 00100100
 01100100
 00010010
 00000100

0 0412642400343c28 ||
 00101000
 00111100
 00110100
 00000000
 00100100
 01100100
 00010010
 00000100

0 0412642400343c28 ||
 00101000
 00111100
 00110100
 00000000
 00100100
 01100100
 00010010
 00000100

0 0412642400343c28 ||
 00101000
 00111100
 00110100
 00000000
 00100100
 01100100
 00010010
 00000100

0 0412642400343c28 ||
 00101000
 00111100
 00110100
 00000000
 00100100
 01100100
 00010010
 00000100

0 0412642400343c28 ||
 00101000
 00111100
 00110100
 00000000
 00100100
 01100100
 00010010
 00000100

0 0412642400343c28 ||
 00101000
 00111100
 00110100
 00000000
 00100100
 01100100
 00010010
 00000100

0 0412642400343c28 ||
 00101000
 00111100
 00110100
 00000000
 00100100
 01100100
 00010010
 00000100

0 0412642400343c28 ||
 00101000
 00111100
 00110100
 00000000
 00100100
 01100100
 00010010
 00000100

0 0412642400343c28 ||
 00101000
 00111100
 00110100
 00000000
 00100100
 01100100
 00010010
 00000100

0 0412642400343c28 ||
 00101000
 00111100
 00110100
 00000000
 00100100
 01100100
 00010010
 00000100

0 0412642400343c28 ||
 00101000
 00111100
 00110100
 00000000
 00100100
 01100100
 00010010
 00000100

0 0412642400343c28 ||
 00101000
 00111100
 00110100
 00000000
 00100100
 01100100
 00010010
 00000100

0 0412642400343c28 ||
 00101000
 00111100
 00110100
 00000000
 00100100
 01100100
 00010010
 00000100

0 0412642400343c28 ||
 00101000
 00111100
 00110100
 00000000
 00100100
 01100100
 00010010
 00000100

0 0412642400343c28 ||
 00101000
 00111100
 00110100
 00000000
 00100100
 01100100
 00010010
 00000100

0 0412642400343c28 ||
 00101000
 00111100
 00110100
 00000000
 00100100
 01100100
 00010010
 00000100

0 0412642400343c28 ||
 00101000
 00111100
 00110100
 00000000
 00100100
 01100100
 00010010
 00000100

0 0412642400343c28 ||
 00101000
 00111100
 00110100
 00000000
 00100100
 01100100
 00010010
 00000100

0 0412642400343c28 ||
 00101000
 00111100
 00110100
 00000000
 00100100
 01100100
 00010010
 00000100

0 0412642400343c28 ||
 00101000
 00111100
 00110100
 00000000
 00100100
 01100100
 00010010
 00000100

0 0412642400343c28 ||
 00101000
 00111100
 00110100
 00000000
 00100100
 01100100
 00010010
 00000100

0 0412642400343c28 ||
 00101000
 00111100
 00110100
 00000000
 00100100
 01100100
 00010010
 00000100

0 0412642400343c28 ||
 00101000
 00111100
 00110100
 00000000
 00100100
 01100100
 00010010
 00000100

0 0412642400343c28 ||
 00101000
 00111100
 00110100
 00000000
 00100100
 01100100
 00010010
 00000100

0 0412642400343c28 ||
 00101000
 00111100
 00110100
 00000000
 00100100
 01100100
 00010010
 00000100

0 0412642400343c28 ||
 00101000
 00111100
 00110100
 00000000
 00100100
 01100100
 00010010
 00000100

0 0412642400343c28 ||
 00101000
 00111100
 00110100
 00000000
 00100100
 01100100
 00010010
 00000100

0 0412642400343c28 ||
 00101000
 00111100
 00110100
 00000000
 00100100
 01100100
 00010010
 00000100

0 0412642400343c28 ||
 00101000
 00111100
 00110100
 00000000
 00100100
 01100100
 00010010
 00000100

0 0412642400343c28 ||
 00101000
 00111100
 00110100
 00000000
 00100100
 01100100
 00010010
 00000100

0 0412642400343c28 ||
 00101000
 00111100
 00110100
 00000000
 00100100
 01100100
 00010010
 00000100

